# Logfile created on 2014-03-28 19:02:43 -0500 by logger.rb/36483
I, [2014-03-28T19:02:43.069702 #850]  INFO -- : 0:  rake (10.1.1) from /Library/Ruby/Gems/2.0.0/specifications/rake-10.1.1.gemspec
I, [2014-03-28T19:02:43.070155 #850]  INFO -- : 0:  i18n (0.6.9) from /Library/Ruby/Gems/2.0.0/specifications/i18n-0.6.9.gemspec
I, [2014-03-28T19:02:43.070413 #850]  INFO -- : 0:  multi_json (1.9.0) from /Library/Ruby/Gems/2.0.0/specifications/multi_json-1.9.0.gemspec
I, [2014-03-28T19:02:43.070648 #850]  INFO -- : 0:  activesupport (3.2.17) from /Library/Ruby/Gems/2.0.0/specifications/activesupport-3.2.17.gemspec
I, [2014-03-28T19:02:43.070888 #850]  INFO -- : 0:  builder (3.0.4) from /Library/Ruby/Gems/2.0.0/specifications/builder-3.0.4.gemspec
I, [2014-03-28T19:02:43.071126 #850]  INFO -- : 0:  activemodel (3.2.17) from /Library/Ruby/Gems/2.0.0/specifications/activemodel-3.2.17.gemspec
I, [2014-03-28T19:02:43.071358 #850]  INFO -- : 0:  erubis (2.7.0) from /Library/Ruby/Gems/2.0.0/specifications/erubis-2.7.0.gemspec
I, [2014-03-28T19:02:43.071606 #850]  INFO -- : 0:  journey (1.0.4) from /Library/Ruby/Gems/2.0.0/specifications/journey-1.0.4.gemspec
I, [2014-03-28T19:02:43.071868 #850]  INFO -- : 0:  rack (1.4.5) from /Library/Ruby/Gems/2.0.0/specifications/rack-1.4.5.gemspec
I, [2014-03-28T19:02:43.072116 #850]  INFO -- : 0:  rack-cache (1.2) from /Library/Ruby/Gems/2.0.0/specifications/rack-cache-1.2.gemspec
I, [2014-03-28T19:02:43.072352 #850]  INFO -- : 0:  rack-test (0.6.2) from /Library/Ruby/Gems/2.0.0/specifications/rack-test-0.6.2.gemspec
I, [2014-03-28T19:02:43.072580 #850]  INFO -- : 0:  hike (1.2.3) from /Library/Ruby/Gems/2.0.0/specifications/hike-1.2.3.gemspec
I, [2014-03-28T19:02:43.072819 #850]  INFO -- : 0:  tilt (1.4.1) from /Library/Ruby/Gems/2.0.0/specifications/tilt-1.4.1.gemspec
I, [2014-03-28T19:02:43.073054 #850]  INFO -- : 0:  sprockets (2.2.2) from /Library/Ruby/Gems/2.0.0/specifications/sprockets-2.2.2.gemspec
I, [2014-03-28T19:02:43.073281 #850]  INFO -- : 0:  actionpack (3.2.17) from /Library/Ruby/Gems/2.0.0/specifications/actionpack-3.2.17.gemspec
I, [2014-03-28T19:02:43.073494 #850]  INFO -- : 0:  mime-types (1.25.1) from /Library/Ruby/Gems/2.0.0/specifications/mime-types-1.25.1.gemspec
I, [2014-03-28T19:02:43.073709 #850]  INFO -- : 0:  polyglot (0.3.4) from /Library/Ruby/Gems/2.0.0/specifications/polyglot-0.3.4.gemspec
I, [2014-03-28T19:02:43.073919 #850]  INFO -- : 0:  treetop (1.4.15) from /Library/Ruby/Gems/2.0.0/specifications/treetop-1.4.15.gemspec
I, [2014-03-28T19:02:43.074152 #850]  INFO -- : 0:  mail (2.5.4) from /Library/Ruby/Gems/2.0.0/specifications/mail-2.5.4.gemspec
I, [2014-03-28T19:02:43.074383 #850]  INFO -- : 0:  actionmailer (3.2.17) from /Library/Ruby/Gems/2.0.0/specifications/actionmailer-3.2.17.gemspec
I, [2014-03-28T19:02:43.074605 #850]  INFO -- : 0:  arel (3.0.3) from /Library/Ruby/Gems/2.0.0/specifications/arel-3.0.3.gemspec
I, [2014-03-28T19:02:43.074815 #850]  INFO -- : 0:  tzinfo (0.3.39) from /Library/Ruby/Gems/2.0.0/specifications/tzinfo-0.3.39.gemspec
I, [2014-03-28T19:02:43.075040 #850]  INFO -- : 0:  activerecord (3.2.17) from /Library/Ruby/Gems/2.0.0/specifications/activerecord-3.2.17.gemspec
I, [2014-03-28T19:02:43.075262 #850]  INFO -- : 0:  activeresource (3.2.17) from /Library/Ruby/Gems/2.0.0/specifications/activeresource-3.2.17.gemspec
I, [2014-03-28T19:02:43.075480 #850]  INFO -- : 0:  rack-ssl (1.3.3) from /Library/Ruby/Gems/2.0.0/specifications/rack-ssl-1.3.3.gemspec
I, [2014-03-28T19:02:43.075700 #850]  INFO -- : 0:  json (1.8.1) from /Library/Ruby/Gems/2.0.0/specifications/json-1.8.1.gemspec
I, [2014-03-28T19:02:43.076162 #850]  INFO -- : 0:  rdoc (3.12.2) from /Library/Ruby/Gems/2.0.0/specifications/rdoc-3.12.2.gemspec
I, [2014-03-28T19:02:43.076399 #850]  INFO -- : 0:  thor (0.18.1) from /Library/Ruby/Gems/2.0.0/specifications/thor-0.18.1.gemspec
I, [2014-03-28T19:02:43.076623 #850]  INFO -- : 0:  railties (3.2.17) from /Library/Ruby/Gems/2.0.0/specifications/railties-3.2.17.gemspec
I, [2014-03-28T19:02:43.076851 #850]  INFO -- : 0:  jquery-rails (3.1.0) from /Library/Ruby/Gems/2.0.0/specifications/jquery-rails-3.1.0.gemspec
I, [2014-03-28T19:02:43.077090 #850]  INFO -- : 0:  bundler (1.5.1) from /Library/Ruby/Gems/2.0.0/specifications/bundler-1.5.1.gemspec
I, [2014-03-28T19:02:43.077319 #850]  INFO -- : 0:  rails (3.2.17) from /Library/Ruby/Gems/2.0.0/specifications/rails-3.2.17.gemspec
I, [2014-03-28T19:02:43.077559 #850]  INFO -- : 0:  best_in_place (2.1.0) from /Library/Ruby/Gems/2.0.0/specifications/best_in_place-2.1.0.gemspec
I, [2014-03-28T19:02:43.077778 #850]  INFO -- : 0:  timers (1.1.0) from /Library/Ruby/Gems/2.0.0/specifications/timers-1.1.0.gemspec
I, [2014-03-28T19:02:43.078035 #850]  INFO -- : 0:  celluloid (0.15.2) from /Library/Ruby/Gems/2.0.0/specifications/celluloid-0.15.2.gemspec
I, [2014-03-28T19:02:43.078306 #850]  INFO -- : 0:  coderay (1.1.0) from /Library/Ruby/Gems/2.0.0/specifications/coderay-1.1.0.gemspec
I, [2014-03-28T19:02:43.078753 #850]  INFO -- : 0:  coffee-script-source (1.7.0) from /Library/Ruby/Gems/2.0.0/specifications/coffee-script-source-1.7.0.gemspec
I, [2014-03-28T19:02:43.079294 #850]  INFO -- : 0:  execjs (2.0.2) from /Library/Ruby/Gems/2.0.0/specifications/execjs-2.0.2.gemspec
I, [2014-03-28T19:02:43.079634 #850]  INFO -- : 0:  coffee-script (2.2.0) from /Library/Ruby/Gems/2.0.0/specifications/coffee-script-2.2.0.gemspec
I, [2014-03-28T19:02:43.079935 #850]  INFO -- : 0:  coffee-rails (3.2.2) from /Library/Ruby/Gems/2.0.0/specifications/coffee-rails-3.2.2.gemspec
I, [2014-03-28T19:02:43.080217 #850]  INFO -- : 0:  diff-lcs (1.2.5) from /Library/Ruby/Gems/2.0.0/specifications/diff-lcs-1.2.5.gemspec
I, [2014-03-28T19:02:43.080458 #850]  INFO -- : 0:  ffi (1.9.3) from /Library/Ruby/Gems/2.0.0/specifications/ffi-1.9.3.gemspec
I, [2014-03-28T19:02:43.080984 #850]  INFO -- : 0:  formatador (0.2.4) from /Library/Ruby/Gems/2.0.0/specifications/formatador-0.2.4.gemspec
I, [2014-03-28T19:02:43.081258 #850]  INFO -- : 0:  rb-fsevent (0.9.4) from /Library/Ruby/Gems/2.0.0/specifications/rb-fsevent-0.9.4.gemspec
I, [2014-03-28T19:02:43.081500 #850]  INFO -- : 0:  rb-inotify (0.9.3) from /Library/Ruby/Gems/2.0.0/specifications/rb-inotify-0.9.3.gemspec
I, [2014-03-28T19:02:43.081755 #850]  INFO -- : 0:  listen (2.4.0) from /Library/Ruby/Gems/2.0.0/specifications/listen-2.4.0.gemspec
I, [2014-03-28T19:02:43.081999 #850]  INFO -- : 0:  lumberjack (1.0.4) from /Library/Ruby/Gems/2.0.0/specifications/lumberjack-1.0.4.gemspec
I, [2014-03-28T19:02:43.082236 #850]  INFO -- : 0:  method_source (0.8.2) from /Library/Ruby/Gems/2.0.0/specifications/method_source-0.8.2.gemspec
I, [2014-03-28T19:02:43.082481 #850]  INFO -- : 0:  slop (3.4.7) from /Library/Ruby/Gems/2.0.0/specifications/slop-3.4.7.gemspec
I, [2014-03-28T19:02:43.082715 #850]  INFO -- : 0:  pry (0.9.12.4) from /Library/Ruby/Gems/2.0.0/specifications/pry-0.9.12.4.gemspec
I, [2014-03-28T19:02:43.082950 #850]  INFO -- : 0:  guard (2.3.0) from /Library/Ruby/Gems/2.0.0/specifications/guard-2.3.0.gemspec
I, [2014-03-28T19:02:43.083174 #850]  INFO -- : 0:  guard-rails (0.4.7) from /Library/Ruby/Gems/2.0.0/specifications/guard-rails-0.4.7.gemspec
I, [2014-03-28T19:02:43.083410 #850]  INFO -- : 0:  rspec-core (2.14.7) from /Library/Ruby/Gems/2.0.0/specifications/rspec-core-2.14.7.gemspec
I, [2014-03-28T19:02:43.083654 #850]  INFO -- : 0:  rspec-expectations (2.14.4) from /Library/Ruby/Gems/2.0.0/specifications/rspec-expectations-2.14.4.gemspec
I, [2014-03-28T19:02:43.083911 #850]  INFO -- : 0:  rspec-mocks (2.14.4) from /Library/Ruby/Gems/2.0.0/specifications/rspec-mocks-2.14.4.gemspec
I, [2014-03-28T19:02:43.084171 #850]  INFO -- : 0:  rspec (2.14.1) from /Library/Ruby/Gems/2.0.0/specifications/rspec-2.14.1.gemspec
I, [2014-03-28T19:02:43.084422 #850]  INFO -- : 0:  guard-rspec (4.2.4) from /Library/Ruby/Gems/2.0.0/specifications/guard-rspec-4.2.4.gemspec
I, [2014-03-28T19:02:43.084677 #850]  INFO -- : 0:  hirb (0.7.1) from /Library/Ruby/Gems/2.0.0/specifications/hirb-0.7.1.gemspec
I, [2014-03-28T19:02:43.084922 #850]  INFO -- : 0:  jquery-ui-rails (4.2.0) from /Library/Ruby/Gems/2.0.0/specifications/jquery-ui-rails-4.2.0.gemspec
E, [2014-03-28T19:02:56.629905 #850] ERROR -- : Errno::EACCES: Permission denied - /Library/Ruby/Gems/2.0.0/build_info/rename-1.0.2.info
/System/Library/Frameworks/Ruby.framework/Versions/2.0/usr/lib/ruby/2.0.0/open-uri.rb:36:in `initialize'  \n/System/Library/Frameworks/Ruby.framework/Versions/2.0/usr/lib/ruby/2.0.0/open-uri.rb:36:in `open'  \n/System/Library/Frameworks/Ruby.framework/Versions/2.0/usr/lib/ruby/2.0.0/open-uri.rb:36:in `open'  \n/System/Library/Frameworks/Ruby.framework/Versions/2.0/usr/lib/ruby/2.0.0/rubygems/installer.rb:776:in `write_build_info_file'  \n/System/Library/Frameworks/Ruby.framework/Versions/2.0/usr/lib/ruby/2.0.0/rubygems/installer.rb:219:in `install'  \n/Library/Ruby/Gems/2.0.0/gems/bundler-1.5.1/lib/bundler/source/rubygems.rb:101:in `block in install'  \n/Library/Ruby/Gems/2.0.0/gems/bundler-1.5.1/lib/bundler/rubygems_integration.rb:118:in `preserve_paths'  \n/Library/Ruby/Gems/2.0.0/gems/bundler-1.5.1/lib/bundler/source/rubygems.rb:94:in `install'  \n/Library/Ruby/Gems/2.0.0/gems/bundler-1.5.1/lib/bundler/installer.rb:111:in `block in install_gem_from_spec'  \n/Library/Ruby/Gems/2.0.0/gems/bundler-1.5.1/lib/bundler/rubygems_integration.rb:150:in `with_build_args'  \n/Library/Ruby/Gems/2.0.0/gems/bundler-1.5.1/lib/bundler/installer.rb:110:in `install_gem_from_spec'  \n/Library/Ruby/Gems/2.0.0/gems/bundler-1.5.1/lib/bundler/installer.rb:295:in `block in install_sequentially'  \n/System/Library/Frameworks/Ruby.framework/Versions/2.0/usr/lib/ruby/2.0.0/forwardable.rb:171:in `each'  \n/System/Library/Frameworks/Ruby.framework/Versions/2.0/usr/lib/ruby/2.0.0/forwardable.rb:171:in `each'  \n/Library/Ruby/Gems/2.0.0/gems/bundler-1.5.1/lib/bundler/installer.rb:294:in `install_sequentially'  \n/Library/Ruby/Gems/2.0.0/gems/bundler-1.5.1/lib/bundler/installer.rb:97:in `run'  \n/Library/Ruby/Gems/2.0.0/gems/bundler-1.5.1/lib/bundler/installer.rb:15:in `install'  \n/Library/Ruby/Gems/2.0.0/gems/bundler-1.5.1/lib/bundler/cli.rb:257:in `install'  \n/Library/Ruby/Gems/2.0.0/gems/bundler-1.5.1/lib/bundler/vendor/thor/command.rb:27:in `run'  \n/Library/Ruby/Gems/2.0.0/gems/bundler-1.5.1/lib/bundler/vendor/thor/invocation.rb:120:in `invoke_command'  \n/Library/Ruby/Gems/2.0.0/gems/bundler-1.5.1/lib/bundler/vendor/thor.rb:363:in `dispatch'  \n/Library/Ruby/Gems/2.0.0/gems/bundler-1.5.1/lib/bundler/vendor/thor/base.rb:438:in `start'  \n/Library/Ruby/Gems/2.0.0/gems/bundler-1.5.1/lib/bundler/cli.rb:10:in `start'  \n/Library/Ruby/Gems/2.0.0/gems/bundler-1.5.1/bin/bundle:22:in `block in <top (required)>'  \n/Library/Ruby/Gems/2.0.0/gems/bundler-1.5.1/lib/bundler/friendly_errors.rb:5:in `with_friendly_errors'  \n/Library/Ruby/Gems/2.0.0/gems/bundler-1.5.1/bin/bundle:22:in `<top (required)>'  \n/usr/bin/bundle:23:in `load'  \n/usr/bin/bundle:23:in `<main>'
I, [2014-03-28T19:03:07.080994 #862]  INFO -- : 0:  rake (10.1.1) from /Library/Ruby/Gems/2.0.0/specifications/rake-10.1.1.gemspec
I, [2014-03-28T19:03:07.081345 #862]  INFO -- : 0:  i18n (0.6.9) from /Library/Ruby/Gems/2.0.0/specifications/i18n-0.6.9.gemspec
I, [2014-03-28T19:03:07.081574 #862]  INFO -- : 0:  multi_json (1.9.0) from /Library/Ruby/Gems/2.0.0/specifications/multi_json-1.9.0.gemspec
I, [2014-03-28T19:03:07.081799 #862]  INFO -- : 0:  activesupport (3.2.17) from /Library/Ruby/Gems/2.0.0/specifications/activesupport-3.2.17.gemspec
I, [2014-03-28T19:03:07.082016 #862]  INFO -- : 0:  builder (3.0.4) from /Library/Ruby/Gems/2.0.0/specifications/builder-3.0.4.gemspec
I, [2014-03-28T19:03:07.082234 #862]  INFO -- : 0:  activemodel (3.2.17) from /Library/Ruby/Gems/2.0.0/specifications/activemodel-3.2.17.gemspec
I, [2014-03-28T19:03:07.082464 #862]  INFO -- : 0:  erubis (2.7.0) from /Library/Ruby/Gems/2.0.0/specifications/erubis-2.7.0.gemspec
I, [2014-03-28T19:03:07.082729 #862]  INFO -- : 0:  journey (1.0.4) from /Library/Ruby/Gems/2.0.0/specifications/journey-1.0.4.gemspec
I, [2014-03-28T19:03:07.083003 #862]  INFO -- : 0:  rack (1.4.5) from /Library/Ruby/Gems/2.0.0/specifications/rack-1.4.5.gemspec
I, [2014-03-28T19:03:07.083305 #862]  INFO -- : 0:  rack-cache (1.2) from /Library/Ruby/Gems/2.0.0/specifications/rack-cache-1.2.gemspec
I, [2014-03-28T19:03:07.083639 #862]  INFO -- : 0:  rack-test (0.6.2) from /Library/Ruby/Gems/2.0.0/specifications/rack-test-0.6.2.gemspec
I, [2014-03-28T19:03:07.083951 #862]  INFO -- : 0:  hike (1.2.3) from /Library/Ruby/Gems/2.0.0/specifications/hike-1.2.3.gemspec
I, [2014-03-28T19:03:07.084199 #862]  INFO -- : 0:  tilt (1.4.1) from /Library/Ruby/Gems/2.0.0/specifications/tilt-1.4.1.gemspec
I, [2014-03-28T19:03:07.084444 #862]  INFO -- : 0:  sprockets (2.2.2) from /Library/Ruby/Gems/2.0.0/specifications/sprockets-2.2.2.gemspec
I, [2014-03-28T19:03:07.084691 #862]  INFO -- : 0:  actionpack (3.2.17) from /Library/Ruby/Gems/2.0.0/specifications/actionpack-3.2.17.gemspec
I, [2014-03-28T19:03:07.084938 #862]  INFO -- : 0:  mime-types (1.25.1) from /Library/Ruby/Gems/2.0.0/specifications/mime-types-1.25.1.gemspec
I, [2014-03-28T19:03:07.085181 #862]  INFO -- : 0:  polyglot (0.3.4) from /Library/Ruby/Gems/2.0.0/specifications/polyglot-0.3.4.gemspec
I, [2014-03-28T19:03:07.085423 #862]  INFO -- : 0:  treetop (1.4.15) from /Library/Ruby/Gems/2.0.0/specifications/treetop-1.4.15.gemspec
I, [2014-03-28T19:03:07.085667 #862]  INFO -- : 0:  mail (2.5.4) from /Library/Ruby/Gems/2.0.0/specifications/mail-2.5.4.gemspec
I, [2014-03-28T19:03:07.085910 #862]  INFO -- : 0:  actionmailer (3.2.17) from /Library/Ruby/Gems/2.0.0/specifications/actionmailer-3.2.17.gemspec
I, [2014-03-28T19:03:07.086154 #862]  INFO -- : 0:  arel (3.0.3) from /Library/Ruby/Gems/2.0.0/specifications/arel-3.0.3.gemspec
I, [2014-03-28T19:03:07.086403 #862]  INFO -- : 0:  tzinfo (0.3.39) from /Library/Ruby/Gems/2.0.0/specifications/tzinfo-0.3.39.gemspec
I, [2014-03-28T19:03:07.086648 #862]  INFO -- : 0:  activerecord (3.2.17) from /Library/Ruby/Gems/2.0.0/specifications/activerecord-3.2.17.gemspec
I, [2014-03-28T19:03:07.086890 #862]  INFO -- : 0:  activeresource (3.2.17) from /Library/Ruby/Gems/2.0.0/specifications/activeresource-3.2.17.gemspec
I, [2014-03-28T19:03:07.087136 #862]  INFO -- : 0:  rack-ssl (1.3.3) from /Library/Ruby/Gems/2.0.0/specifications/rack-ssl-1.3.3.gemspec
I, [2014-03-28T19:03:07.087375 #862]  INFO -- : 0:  json (1.8.1) from /Library/Ruby/Gems/2.0.0/specifications/json-1.8.1.gemspec
I, [2014-03-28T19:03:07.087620 #862]  INFO -- : 0:  rdoc (3.12.2) from /Library/Ruby/Gems/2.0.0/specifications/rdoc-3.12.2.gemspec
I, [2014-03-28T19:03:07.087862 #862]  INFO -- : 0:  thor (0.18.1) from /Library/Ruby/Gems/2.0.0/specifications/thor-0.18.1.gemspec
I, [2014-03-28T19:03:07.088108 #862]  INFO -- : 0:  railties (3.2.17) from /Library/Ruby/Gems/2.0.0/specifications/railties-3.2.17.gemspec
I, [2014-03-28T19:03:07.088349 #862]  INFO -- : 0:  jquery-rails (3.1.0) from /Library/Ruby/Gems/2.0.0/specifications/jquery-rails-3.1.0.gemspec
I, [2014-03-28T19:03:07.088577 #862]  INFO -- : 0:  bundler (1.5.1) from /Library/Ruby/Gems/2.0.0/specifications/bundler-1.5.1.gemspec
I, [2014-03-28T19:03:07.088817 #862]  INFO -- : 0:  rails (3.2.17) from /Library/Ruby/Gems/2.0.0/specifications/rails-3.2.17.gemspec
I, [2014-03-28T19:03:07.089060 #862]  INFO -- : 0:  best_in_place (2.1.0) from /Library/Ruby/Gems/2.0.0/specifications/best_in_place-2.1.0.gemspec
I, [2014-03-28T19:03:07.089303 #862]  INFO -- : 0:  timers (1.1.0) from /Library/Ruby/Gems/2.0.0/specifications/timers-1.1.0.gemspec
I, [2014-03-28T19:03:07.089544 #862]  INFO -- : 0:  celluloid (0.15.2) from /Library/Ruby/Gems/2.0.0/specifications/celluloid-0.15.2.gemspec
I, [2014-03-28T19:03:07.089786 #862]  INFO -- : 0:  coderay (1.1.0) from /Library/Ruby/Gems/2.0.0/specifications/coderay-1.1.0.gemspec
I, [2014-03-28T19:03:07.090027 #862]  INFO -- : 0:  coffee-script-source (1.7.0) from /Library/Ruby/Gems/2.0.0/specifications/coffee-script-source-1.7.0.gemspec
I, [2014-03-28T19:03:07.090271 #862]  INFO -- : 0:  execjs (2.0.2) from /Library/Ruby/Gems/2.0.0/specifications/execjs-2.0.2.gemspec
I, [2014-03-28T19:03:07.090516 #862]  INFO -- : 0:  coffee-script (2.2.0) from /Library/Ruby/Gems/2.0.0/specifications/coffee-script-2.2.0.gemspec
I, [2014-03-28T19:03:07.090767 #862]  INFO -- : 0:  coffee-rails (3.2.2) from /Library/Ruby/Gems/2.0.0/specifications/coffee-rails-3.2.2.gemspec
I, [2014-03-28T19:03:07.091012 #862]  INFO -- : 0:  diff-lcs (1.2.5) from /Library/Ruby/Gems/2.0.0/specifications/diff-lcs-1.2.5.gemspec
I, [2014-03-28T19:03:07.091254 #862]  INFO -- : 0:  ffi (1.9.3) from /Library/Ruby/Gems/2.0.0/specifications/ffi-1.9.3.gemspec
I, [2014-03-28T19:03:07.091499 #862]  INFO -- : 0:  formatador (0.2.4) from /Library/Ruby/Gems/2.0.0/specifications/formatador-0.2.4.gemspec
I, [2014-03-28T19:03:07.091744 #862]  INFO -- : 0:  rb-fsevent (0.9.4) from /Library/Ruby/Gems/2.0.0/specifications/rb-fsevent-0.9.4.gemspec
I, [2014-03-28T19:03:07.091988 #862]  INFO -- : 0:  rb-inotify (0.9.3) from /Library/Ruby/Gems/2.0.0/specifications/rb-inotify-0.9.3.gemspec
I, [2014-03-28T19:03:07.092230 #862]  INFO -- : 0:  listen (2.4.0) from /Library/Ruby/Gems/2.0.0/specifications/listen-2.4.0.gemspec
I, [2014-03-28T19:03:07.092488 #862]  INFO -- : 0:  lumberjack (1.0.4) from /Library/Ruby/Gems/2.0.0/specifications/lumberjack-1.0.4.gemspec
I, [2014-03-28T19:03:07.092732 #862]  INFO -- : 0:  method_source (0.8.2) from /Library/Ruby/Gems/2.0.0/specifications/method_source-0.8.2.gemspec
I, [2014-03-28T19:03:07.092976 #862]  INFO -- : 0:  slop (3.4.7) from /Library/Ruby/Gems/2.0.0/specifications/slop-3.4.7.gemspec
I, [2014-03-28T19:03:07.093220 #862]  INFO -- : 0:  pry (0.9.12.4) from /Library/Ruby/Gems/2.0.0/specifications/pry-0.9.12.4.gemspec
I, [2014-03-28T19:03:07.093461 #862]  INFO -- : 0:  guard (2.3.0) from /Library/Ruby/Gems/2.0.0/specifications/guard-2.3.0.gemspec
I, [2014-03-28T19:03:07.093703 #862]  INFO -- : 0:  guard-rails (0.4.7) from /Library/Ruby/Gems/2.0.0/specifications/guard-rails-0.4.7.gemspec
I, [2014-03-28T19:03:07.093946 #862]  INFO -- : 0:  rspec-core (2.14.7) from /Library/Ruby/Gems/2.0.0/specifications/rspec-core-2.14.7.gemspec
I, [2014-03-28T19:03:07.094189 #862]  INFO -- : 0:  rspec-expectations (2.14.4) from /Library/Ruby/Gems/2.0.0/specifications/rspec-expectations-2.14.4.gemspec
I, [2014-03-28T19:03:07.094431 #862]  INFO -- : 0:  rspec-mocks (2.14.4) from /Library/Ruby/Gems/2.0.0/specifications/rspec-mocks-2.14.4.gemspec
I, [2014-03-28T19:03:07.094672 #862]  INFO -- : 0:  rspec (2.14.1) from /Library/Ruby/Gems/2.0.0/specifications/rspec-2.14.1.gemspec
I, [2014-03-28T19:03:07.094913 #862]  INFO -- : 0:  guard-rspec (4.2.4) from /Library/Ruby/Gems/2.0.0/specifications/guard-rspec-4.2.4.gemspec
I, [2014-03-28T19:03:07.095156 #862]  INFO -- : 0:  hirb (0.7.1) from /Library/Ruby/Gems/2.0.0/specifications/hirb-0.7.1.gemspec
I, [2014-03-28T19:03:07.095402 #862]  INFO -- : 0:  jquery-ui-rails (4.2.0) from /Library/Ruby/Gems/2.0.0/specifications/jquery-ui-rails-4.2.0.gemspec
I, [2014-03-28T19:03:07.110504 #862]  INFO -- : 0:  rename (1.0.2) from /Library/Ruby/Gems/2.0.0/specifications/rename-1.0.2.gemspec
I, [2014-03-28T19:03:07.110858 #862]  INFO -- : 0:  rspec-rails (2.14.1) from /Library/Ruby/Gems/2.0.0/specifications/rspec-rails-2.14.1.gemspec
I, [2014-03-28T19:03:07.111077 #862]  INFO -- : 0:  sqlite3 (1.3.9) from /Library/Ruby/Gems/2.0.0/specifications/sqlite3-1.3.9.gemspec
I, [2014-03-28T19:03:51.101675 #887]  INFO -- : 0:  rake (10.1.1) from /Library/Ruby/Gems/2.0.0/specifications/rake-10.1.1.gemspec
I, [2014-03-28T19:03:51.102042 #887]  INFO -- : 0:  i18n (0.6.9) from /Library/Ruby/Gems/2.0.0/specifications/i18n-0.6.9.gemspec
I, [2014-03-28T19:03:51.102287 #887]  INFO -- : 0:  multi_json (1.9.0) from /Library/Ruby/Gems/2.0.0/specifications/multi_json-1.9.0.gemspec
I, [2014-03-28T19:03:51.102524 #887]  INFO -- : 0:  activesupport (3.2.17) from /Library/Ruby/Gems/2.0.0/specifications/activesupport-3.2.17.gemspec
I, [2014-03-28T19:03:51.102733 #887]  INFO -- : 0:  builder (3.0.4) from /Library/Ruby/Gems/2.0.0/specifications/builder-3.0.4.gemspec
I, [2014-03-28T19:03:51.102950 #887]  INFO -- : 0:  activemodel (3.2.17) from /Library/Ruby/Gems/2.0.0/specifications/activemodel-3.2.17.gemspec
I, [2014-03-28T19:03:51.103170 #887]  INFO -- : 0:  erubis (2.7.0) from /Library/Ruby/Gems/2.0.0/specifications/erubis-2.7.0.gemspec
I, [2014-03-28T19:03:51.103409 #887]  INFO -- : 0:  journey (1.0.4) from /Library/Ruby/Gems/2.0.0/specifications/journey-1.0.4.gemspec
I, [2014-03-28T19:03:51.103635 #887]  INFO -- : 0:  rack (1.4.5) from /Library/Ruby/Gems/2.0.0/specifications/rack-1.4.5.gemspec
I, [2014-03-28T19:03:51.103847 #887]  INFO -- : 0:  rack-cache (1.2) from /Library/Ruby/Gems/2.0.0/specifications/rack-cache-1.2.gemspec
I, [2014-03-28T19:03:51.104082 #887]  INFO -- : 0:  rack-test (0.6.2) from /Library/Ruby/Gems/2.0.0/specifications/rack-test-0.6.2.gemspec
I, [2014-03-28T19:03:51.104309 #887]  INFO -- : 0:  hike (1.2.3) from /Library/Ruby/Gems/2.0.0/specifications/hike-1.2.3.gemspec
I, [2014-03-28T19:03:51.104543 #887]  INFO -- : 0:  tilt (1.4.1) from /Library/Ruby/Gems/2.0.0/specifications/tilt-1.4.1.gemspec
I, [2014-03-28T19:03:51.104768 #887]  INFO -- : 0:  sprockets (2.2.2) from /Library/Ruby/Gems/2.0.0/specifications/sprockets-2.2.2.gemspec
I, [2014-03-28T19:03:51.110608 #887]  INFO -- : 0:  actionpack (3.2.17) from /Library/Ruby/Gems/2.0.0/specifications/actionpack-3.2.17.gemspec
I, [2014-03-28T19:03:51.110931 #887]  INFO -- : 0:  mime-types (1.25.1) from /Library/Ruby/Gems/2.0.0/specifications/mime-types-1.25.1.gemspec
I, [2014-03-28T19:03:51.111169 #887]  INFO -- : 0:  polyglot (0.3.4) from /Library/Ruby/Gems/2.0.0/specifications/polyglot-0.3.4.gemspec
I, [2014-03-28T19:03:51.111417 #887]  INFO -- : 0:  treetop (1.4.15) from /Library/Ruby/Gems/2.0.0/specifications/treetop-1.4.15.gemspec
I, [2014-03-28T19:03:51.111661 #887]  INFO -- : 0:  mail (2.5.4) from /Library/Ruby/Gems/2.0.0/specifications/mail-2.5.4.gemspec
I, [2014-03-28T19:03:51.111878 #887]  INFO -- : 0:  actionmailer (3.2.17) from /Library/Ruby/Gems/2.0.0/specifications/actionmailer-3.2.17.gemspec
I, [2014-03-28T19:03:51.112094 #887]  INFO -- : 0:  arel (3.0.3) from /Library/Ruby/Gems/2.0.0/specifications/arel-3.0.3.gemspec
I, [2014-03-28T19:03:51.112312 #887]  INFO -- : 0:  tzinfo (0.3.39) from /Library/Ruby/Gems/2.0.0/specifications/tzinfo-0.3.39.gemspec
I, [2014-03-28T19:03:51.112546 #887]  INFO -- : 0:  activerecord (3.2.17) from /Library/Ruby/Gems/2.0.0/specifications/activerecord-3.2.17.gemspec
I, [2014-03-28T19:03:51.112752 #887]  INFO -- : 0:  activeresource (3.2.17) from /Library/Ruby/Gems/2.0.0/specifications/activeresource-3.2.17.gemspec
I, [2014-03-28T19:03:51.112973 #887]  INFO -- : 0:  rack-ssl (1.3.3) from /Library/Ruby/Gems/2.0.0/specifications/rack-ssl-1.3.3.gemspec
I, [2014-03-28T19:03:51.113186 #887]  INFO -- : 0:  json (1.8.1) from /Library/Ruby/Gems/2.0.0/specifications/json-1.8.1.gemspec
I, [2014-03-28T19:03:51.113394 #887]  INFO -- : 0:  rdoc (3.12.2) from /Library/Ruby/Gems/2.0.0/specifications/rdoc-3.12.2.gemspec
I, [2014-03-28T19:03:51.113608 #887]  INFO -- : 0:  thor (0.18.1) from /Library/Ruby/Gems/2.0.0/specifications/thor-0.18.1.gemspec
I, [2014-03-28T19:03:51.113816 #887]  INFO -- : 0:  railties (3.2.17) from /Library/Ruby/Gems/2.0.0/specifications/railties-3.2.17.gemspec
I, [2014-03-28T19:03:51.114028 #887]  INFO -- : 0:  jquery-rails (3.1.0) from /Library/Ruby/Gems/2.0.0/specifications/jquery-rails-3.1.0.gemspec
I, [2014-03-28T19:03:51.114220 #887]  INFO -- : 0:  bundler (1.5.1) from /Library/Ruby/Gems/2.0.0/specifications/bundler-1.5.1.gemspec
I, [2014-03-28T19:03:51.114465 #887]  INFO -- : 0:  rails (3.2.17) from /Library/Ruby/Gems/2.0.0/specifications/rails-3.2.17.gemspec
I, [2014-03-28T19:03:51.114723 #887]  INFO -- : 0:  best_in_place (2.1.0) from /Library/Ruby/Gems/2.0.0/specifications/best_in_place-2.1.0.gemspec
I, [2014-03-28T19:03:51.114974 #887]  INFO -- : 0:  timers (1.1.0) from /Library/Ruby/Gems/2.0.0/specifications/timers-1.1.0.gemspec
I, [2014-03-28T19:03:51.115218 #887]  INFO -- : 0:  celluloid (0.15.2) from /Library/Ruby/Gems/2.0.0/specifications/celluloid-0.15.2.gemspec
I, [2014-03-28T19:03:51.115457 #887]  INFO -- : 0:  coderay (1.1.0) from /Library/Ruby/Gems/2.0.0/specifications/coderay-1.1.0.gemspec
I, [2014-03-28T19:03:51.115704 #887]  INFO -- : 0:  coffee-script-source (1.7.0) from /Library/Ruby/Gems/2.0.0/specifications/coffee-script-source-1.7.0.gemspec
I, [2014-03-28T19:03:51.115983 #887]  INFO -- : 0:  execjs (2.0.2) from /Library/Ruby/Gems/2.0.0/specifications/execjs-2.0.2.gemspec
I, [2014-03-28T19:03:51.116222 #887]  INFO -- : 0:  coffee-script (2.2.0) from /Library/Ruby/Gems/2.0.0/specifications/coffee-script-2.2.0.gemspec
I, [2014-03-28T19:03:51.116466 #887]  INFO -- : 0:  coffee-rails (3.2.2) from /Library/Ruby/Gems/2.0.0/specifications/coffee-rails-3.2.2.gemspec
I, [2014-03-28T19:03:51.116710 #887]  INFO -- : 0:  diff-lcs (1.2.5) from /Library/Ruby/Gems/2.0.0/specifications/diff-lcs-1.2.5.gemspec
I, [2014-03-28T19:03:51.116952 #887]  INFO -- : 0:  ffi (1.9.3) from /Library/Ruby/Gems/2.0.0/specifications/ffi-1.9.3.gemspec
I, [2014-03-28T19:03:51.117195 #887]  INFO -- : 0:  formatador (0.2.4) from /Library/Ruby/Gems/2.0.0/specifications/formatador-0.2.4.gemspec
I, [2014-03-28T19:03:51.117438 #887]  INFO -- : 0:  rb-fsevent (0.9.4) from /Library/Ruby/Gems/2.0.0/specifications/rb-fsevent-0.9.4.gemspec
I, [2014-03-28T19:03:51.117680 #887]  INFO -- : 0:  rb-inotify (0.9.3) from /Library/Ruby/Gems/2.0.0/specifications/rb-inotify-0.9.3.gemspec
I, [2014-03-28T19:03:51.117921 #887]  INFO -- : 0:  listen (2.4.0) from /Library/Ruby/Gems/2.0.0/specifications/listen-2.4.0.gemspec
I, [2014-03-28T19:03:51.118169 #887]  INFO -- : 0:  lumberjack (1.0.4) from /Library/Ruby/Gems/2.0.0/specifications/lumberjack-1.0.4.gemspec
I, [2014-03-28T19:03:51.118411 #887]  INFO -- : 0:  method_source (0.8.2) from /Library/Ruby/Gems/2.0.0/specifications/method_source-0.8.2.gemspec
I, [2014-03-28T19:03:51.118655 #887]  INFO -- : 0:  slop (3.4.7) from /Library/Ruby/Gems/2.0.0/specifications/slop-3.4.7.gemspec
I, [2014-03-28T19:03:51.118898 #887]  INFO -- : 0:  pry (0.9.12.4) from /Library/Ruby/Gems/2.0.0/specifications/pry-0.9.12.4.gemspec
I, [2014-03-28T19:03:51.119142 #887]  INFO -- : 0:  guard (2.3.0) from /Library/Ruby/Gems/2.0.0/specifications/guard-2.3.0.gemspec
I, [2014-03-28T19:03:51.119387 #887]  INFO -- : 0:  guard-rails (0.4.7) from /Library/Ruby/Gems/2.0.0/specifications/guard-rails-0.4.7.gemspec
I, [2014-03-28T19:03:51.119629 #887]  INFO -- : 0:  rspec-core (2.14.7) from /Library/Ruby/Gems/2.0.0/specifications/rspec-core-2.14.7.gemspec
I, [2014-03-28T19:03:51.119876 #887]  INFO -- : 0:  rspec-expectations (2.14.4) from /Library/Ruby/Gems/2.0.0/specifications/rspec-expectations-2.14.4.gemspec
I, [2014-03-28T19:03:51.120119 #887]  INFO -- : 0:  rspec-mocks (2.14.4) from /Library/Ruby/Gems/2.0.0/specifications/rspec-mocks-2.14.4.gemspec
I, [2014-03-28T19:03:51.120364 #887]  INFO -- : 0:  rspec (2.14.1) from /Library/Ruby/Gems/2.0.0/specifications/rspec-2.14.1.gemspec
I, [2014-03-28T19:03:51.120624 #887]  INFO -- : 0:  guard-rspec (4.2.4) from /Library/Ruby/Gems/2.0.0/specifications/guard-rspec-4.2.4.gemspec
I, [2014-03-28T19:03:51.120863 #887]  INFO -- : 0:  hirb (0.7.1) from /Library/Ruby/Gems/2.0.0/specifications/hirb-0.7.1.gemspec
I, [2014-03-28T19:03:51.121106 #887]  INFO -- : 0:  jquery-ui-rails (4.2.0) from /Library/Ruby/Gems/2.0.0/specifications/jquery-ui-rails-4.2.0.gemspec
I, [2014-03-28T19:03:51.121351 #887]  INFO -- : 0:  rename (1.0.2) from /Library/Ruby/Gems/2.0.0/specifications/rename-1.0.2.gemspec
I, [2014-03-28T19:03:51.121593 #887]  INFO -- : 0:  rspec-rails (2.14.1) from /Library/Ruby/Gems/2.0.0/specifications/rspec-rails-2.14.1.gemspec
I, [2014-03-28T19:03:51.121843 #887]  INFO -- : 0:  sqlite3 (1.3.9) from /Library/Ruby/Gems/2.0.0/specifications/sqlite3-1.3.9.gemspec
I, [2014-03-28T19:05:02.980403 #907]  INFO -- : 0:  rake (10.1.1) from /Library/Ruby/Gems/2.0.0/specifications/rake-10.1.1.gemspec
I, [2014-03-28T19:05:02.980830 #907]  INFO -- : 0:  i18n (0.6.9) from /Library/Ruby/Gems/2.0.0/specifications/i18n-0.6.9.gemspec
I, [2014-03-28T19:05:02.981111 #907]  INFO -- : 0:  multi_json (1.9.0) from /Library/Ruby/Gems/2.0.0/specifications/multi_json-1.9.0.gemspec
I, [2014-03-28T19:05:02.981367 #907]  INFO -- : 0:  activesupport (3.2.17) from /Library/Ruby/Gems/2.0.0/specifications/activesupport-3.2.17.gemspec
I, [2014-03-28T19:05:02.981659 #907]  INFO -- : 0:  builder (3.0.4) from /Library/Ruby/Gems/2.0.0/specifications/builder-3.0.4.gemspec
I, [2014-03-28T19:05:02.981995 #907]  INFO -- : 0:  activemodel (3.2.17) from /Library/Ruby/Gems/2.0.0/specifications/activemodel-3.2.17.gemspec
I, [2014-03-28T19:05:02.982322 #907]  INFO -- : 0:  erubis (2.7.0) from /Library/Ruby/Gems/2.0.0/specifications/erubis-2.7.0.gemspec
I, [2014-03-28T19:05:02.982617 #907]  INFO -- : 0:  journey (1.0.4) from /Library/Ruby/Gems/2.0.0/specifications/journey-1.0.4.gemspec
I, [2014-03-28T19:05:02.982875 #907]  INFO -- : 0:  rack (1.4.5) from /Library/Ruby/Gems/2.0.0/specifications/rack-1.4.5.gemspec
I, [2014-03-28T19:05:02.983129 #907]  INFO -- : 0:  rack-cache (1.2) from /Library/Ruby/Gems/2.0.0/specifications/rack-cache-1.2.gemspec
I, [2014-03-28T19:05:02.983392 #907]  INFO -- : 0:  rack-test (0.6.2) from /Library/Ruby/Gems/2.0.0/specifications/rack-test-0.6.2.gemspec
I, [2014-03-28T19:05:02.983652 #907]  INFO -- : 0:  hike (1.2.3) from /Library/Ruby/Gems/2.0.0/specifications/hike-1.2.3.gemspec
I, [2014-03-28T19:05:02.983910 #907]  INFO -- : 0:  tilt (1.4.1) from /Library/Ruby/Gems/2.0.0/specifications/tilt-1.4.1.gemspec
I, [2014-03-28T19:05:02.984173 #907]  INFO -- : 0:  sprockets (2.2.2) from /Library/Ruby/Gems/2.0.0/specifications/sprockets-2.2.2.gemspec
I, [2014-03-28T19:05:02.984433 #907]  INFO -- : 0:  actionpack (3.2.17) from /Library/Ruby/Gems/2.0.0/specifications/actionpack-3.2.17.gemspec
I, [2014-03-28T19:05:02.984723 #907]  INFO -- : 0:  mime-types (1.25.1) from /Library/Ruby/Gems/2.0.0/specifications/mime-types-1.25.1.gemspec
I, [2014-03-28T19:05:02.984951 #907]  INFO -- : 0:  polyglot (0.3.4) from /Library/Ruby/Gems/2.0.0/specifications/polyglot-0.3.4.gemspec
I, [2014-03-28T19:05:02.985277 #907]  INFO -- : 0:  treetop (1.4.15) from /Library/Ruby/Gems/2.0.0/specifications/treetop-1.4.15.gemspec
I, [2014-03-28T19:05:02.985595 #907]  INFO -- : 0:  mail (2.5.4) from /Library/Ruby/Gems/2.0.0/specifications/mail-2.5.4.gemspec
I, [2014-03-28T19:05:02.985866 #907]  INFO -- : 0:  actionmailer (3.2.17) from /Library/Ruby/Gems/2.0.0/specifications/actionmailer-3.2.17.gemspec
I, [2014-03-28T19:05:02.986164 #907]  INFO -- : 0:  arel (3.0.3) from /Library/Ruby/Gems/2.0.0/specifications/arel-3.0.3.gemspec
I, [2014-03-28T19:05:02.986455 #907]  INFO -- : 0:  tzinfo (0.3.39) from /Library/Ruby/Gems/2.0.0/specifications/tzinfo-0.3.39.gemspec
I, [2014-03-28T19:05:02.986732 #907]  INFO -- : 0:  activerecord (3.2.17) from /Library/Ruby/Gems/2.0.0/specifications/activerecord-3.2.17.gemspec
I, [2014-03-28T19:05:02.987050 #907]  INFO -- : 0:  activeresource (3.2.17) from /Library/Ruby/Gems/2.0.0/specifications/activeresource-3.2.17.gemspec
I, [2014-03-28T19:05:02.987358 #907]  INFO -- : 0:  rack-ssl (1.3.3) from /Library/Ruby/Gems/2.0.0/specifications/rack-ssl-1.3.3.gemspec
I, [2014-03-28T19:05:02.987642 #907]  INFO -- : 0:  json (1.8.1) from /Library/Ruby/Gems/2.0.0/specifications/json-1.8.1.gemspec
I, [2014-03-28T19:05:02.987897 #907]  INFO -- : 0:  rdoc (3.12.2) from /Library/Ruby/Gems/2.0.0/specifications/rdoc-3.12.2.gemspec
I, [2014-03-28T19:05:02.988148 #907]  INFO -- : 0:  thor (0.18.1) from /Library/Ruby/Gems/2.0.0/specifications/thor-0.18.1.gemspec
I, [2014-03-28T19:05:02.988350 #907]  INFO -- : 0:  railties (3.2.17) from /Library/Ruby/Gems/2.0.0/specifications/railties-3.2.17.gemspec
I, [2014-03-28T19:05:02.988588 #907]  INFO -- : 0:  jquery-rails (3.1.0) from /Library/Ruby/Gems/2.0.0/specifications/jquery-rails-3.1.0.gemspec
I, [2014-03-28T19:05:02.988800 #907]  INFO -- : 0:  bundler (1.5.1) from /Library/Ruby/Gems/2.0.0/specifications/bundler-1.5.1.gemspec
I, [2014-03-28T19:05:02.989032 #907]  INFO -- : 0:  rails (3.2.17) from /Library/Ruby/Gems/2.0.0/specifications/rails-3.2.17.gemspec
I, [2014-03-28T19:05:02.989263 #907]  INFO -- : 0:  best_in_place (2.1.0) from /Library/Ruby/Gems/2.0.0/specifications/best_in_place-2.1.0.gemspec
I, [2014-03-28T19:05:02.989492 #907]  INFO -- : 0:  timers (1.1.0) from /Library/Ruby/Gems/2.0.0/specifications/timers-1.1.0.gemspec
I, [2014-03-28T19:05:02.989744 #907]  INFO -- : 0:  celluloid (0.15.2) from /Library/Ruby/Gems/2.0.0/specifications/celluloid-0.15.2.gemspec
I, [2014-03-28T19:05:02.989958 #907]  INFO -- : 0:  coderay (1.1.0) from /Library/Ruby/Gems/2.0.0/specifications/coderay-1.1.0.gemspec
I, [2014-03-28T19:05:02.990200 #907]  INFO -- : 0:  coffee-script-source (1.7.0) from /Library/Ruby/Gems/2.0.0/specifications/coffee-script-source-1.7.0.gemspec
I, [2014-03-28T19:05:02.990437 #907]  INFO -- : 0:  execjs (2.0.2) from /Library/Ruby/Gems/2.0.0/specifications/execjs-2.0.2.gemspec
I, [2014-03-28T19:05:02.990677 #907]  INFO -- : 0:  coffee-script (2.2.0) from /Library/Ruby/Gems/2.0.0/specifications/coffee-script-2.2.0.gemspec
I, [2014-03-28T19:05:02.990914 #907]  INFO -- : 0:  coffee-rails (3.2.2) from /Library/Ruby/Gems/2.0.0/specifications/coffee-rails-3.2.2.gemspec
I, [2014-03-28T19:05:02.991120 #907]  INFO -- : 0:  diff-lcs (1.2.5) from /Library/Ruby/Gems/2.0.0/specifications/diff-lcs-1.2.5.gemspec
I, [2014-03-28T19:05:02.991361 #907]  INFO -- : 0:  ffi (1.9.3) from /Library/Ruby/Gems/2.0.0/specifications/ffi-1.9.3.gemspec
I, [2014-03-28T19:05:02.991593 #907]  INFO -- : 0:  formatador (0.2.4) from /Library/Ruby/Gems/2.0.0/specifications/formatador-0.2.4.gemspec
I, [2014-03-28T19:05:02.991837 #907]  INFO -- : 0:  rb-fsevent (0.9.4) from /Library/Ruby/Gems/2.0.0/specifications/rb-fsevent-0.9.4.gemspec
I, [2014-03-28T19:05:02.992062 #907]  INFO -- : 0:  rb-inotify (0.9.3) from /Library/Ruby/Gems/2.0.0/specifications/rb-inotify-0.9.3.gemspec
I, [2014-03-28T19:05:02.992272 #907]  INFO -- : 0:  listen (2.4.0) from /Library/Ruby/Gems/2.0.0/specifications/listen-2.4.0.gemspec
I, [2014-03-28T19:05:02.992507 #907]  INFO -- : 0:  lumberjack (1.0.4) from /Library/Ruby/Gems/2.0.0/specifications/lumberjack-1.0.4.gemspec
I, [2014-03-28T19:05:02.992752 #907]  INFO -- : 0:  method_source (0.8.2) from /Library/Ruby/Gems/2.0.0/specifications/method_source-0.8.2.gemspec
I, [2014-03-28T19:05:02.992981 #907]  INFO -- : 0:  slop (3.4.7) from /Library/Ruby/Gems/2.0.0/specifications/slop-3.4.7.gemspec
I, [2014-03-28T19:05:02.993198 #907]  INFO -- : 0:  pry (0.9.12.4) from /Library/Ruby/Gems/2.0.0/specifications/pry-0.9.12.4.gemspec
I, [2014-03-28T19:05:02.993419 #907]  INFO -- : 0:  guard (2.3.0) from /Library/Ruby/Gems/2.0.0/specifications/guard-2.3.0.gemspec
I, [2014-03-28T19:05:02.993632 #907]  INFO -- : 0:  guard-rails (0.4.7) from /Library/Ruby/Gems/2.0.0/specifications/guard-rails-0.4.7.gemspec
I, [2014-03-28T19:05:02.993871 #907]  INFO -- : 0:  rspec-core (2.14.7) from /Library/Ruby/Gems/2.0.0/specifications/rspec-core-2.14.7.gemspec
I, [2014-03-28T19:05:02.994113 #907]  INFO -- : 0:  rspec-expectations (2.14.4) from /Library/Ruby/Gems/2.0.0/specifications/rspec-expectations-2.14.4.gemspec
I, [2014-03-28T19:05:02.994326 #907]  INFO -- : 0:  rspec-mocks (2.14.4) from /Library/Ruby/Gems/2.0.0/specifications/rspec-mocks-2.14.4.gemspec
I, [2014-03-28T19:05:02.994544 #907]  INFO -- : 0:  rspec (2.14.1) from /Library/Ruby/Gems/2.0.0/specifications/rspec-2.14.1.gemspec
I, [2014-03-28T19:05:02.994774 #907]  INFO -- : 0:  guard-rspec (4.2.4) from /Library/Ruby/Gems/2.0.0/specifications/guard-rspec-4.2.4.gemspec
I, [2014-03-28T19:05:02.995010 #907]  INFO -- : 0:  hirb (0.7.1) from /Library/Ruby/Gems/2.0.0/specifications/hirb-0.7.1.gemspec
I, [2014-03-28T19:05:02.995246 #907]  INFO -- : 0:  jquery-ui-rails (4.2.0) from /Library/Ruby/Gems/2.0.0/specifications/jquery-ui-rails-4.2.0.gemspec
I, [2014-03-28T19:05:02.995465 #907]  INFO -- : 0:  rspec-rails (2.14.1) from /Library/Ruby/Gems/2.0.0/specifications/rspec-rails-2.14.1.gemspec
I, [2014-03-28T19:05:02.995712 #907]  INFO -- : 0:  sqlite3 (1.3.9) from /Library/Ruby/Gems/2.0.0/specifications/sqlite3-1.3.9.gemspec
I, [2014-03-28T19:07:05.936384 #1022]  INFO -- : 0:  rake (10.2.2) from /Library/Ruby/Gems/2.0.0/specifications/rake-10.2.2.gemspec
I, [2014-03-28T19:07:05.937012 #1022]  INFO -- : 0:  i18n (0.6.9) from /Library/Ruby/Gems/2.0.0/specifications/i18n-0.6.9.gemspec
I, [2014-03-28T19:07:07.230376 #1022]  INFO -- : 0:  multi_json (1.9.2) from /Library/Ruby/Gems/2.0.0/specifications/multi_json-1.9.2.gemspec
I, [2014-03-28T19:07:07.230664 #1022]  INFO -- : 0:  activesupport (3.2.17) from /Library/Ruby/Gems/2.0.0/specifications/activesupport-3.2.17.gemspec
I, [2014-03-28T19:07:07.230868 #1022]  INFO -- : 0:  builder (3.0.4) from /Library/Ruby/Gems/2.0.0/specifications/builder-3.0.4.gemspec
I, [2014-03-28T19:07:07.231068 #1022]  INFO -- : 0:  activemodel (3.2.17) from /Library/Ruby/Gems/2.0.0/specifications/activemodel-3.2.17.gemspec
I, [2014-03-28T19:07:07.231265 #1022]  INFO -- : 0:  erubis (2.7.0) from /Library/Ruby/Gems/2.0.0/specifications/erubis-2.7.0.gemspec
I, [2014-03-28T19:07:07.231457 #1022]  INFO -- : 0:  journey (1.0.4) from /Library/Ruby/Gems/2.0.0/specifications/journey-1.0.4.gemspec
I, [2014-03-28T19:07:07.231649 #1022]  INFO -- : 0:  rack (1.4.5) from /Library/Ruby/Gems/2.0.0/specifications/rack-1.4.5.gemspec
I, [2014-03-28T19:07:07.231841 #1022]  INFO -- : 0:  rack-cache (1.2) from /Library/Ruby/Gems/2.0.0/specifications/rack-cache-1.2.gemspec
I, [2014-03-28T19:07:07.232035 #1022]  INFO -- : 0:  rack-test (0.6.2) from /Library/Ruby/Gems/2.0.0/specifications/rack-test-0.6.2.gemspec
I, [2014-03-28T19:07:07.232226 #1022]  INFO -- : 0:  hike (1.2.3) from /Library/Ruby/Gems/2.0.0/specifications/hike-1.2.3.gemspec
I, [2014-03-28T19:07:07.232415 #1022]  INFO -- : 0:  tilt (1.4.1) from /Library/Ruby/Gems/2.0.0/specifications/tilt-1.4.1.gemspec
I, [2014-03-28T19:07:07.232611 #1022]  INFO -- : 0:  sprockets (2.2.2) from /Library/Ruby/Gems/2.0.0/specifications/sprockets-2.2.2.gemspec
I, [2014-03-28T19:07:07.232801 #1022]  INFO -- : 0:  actionpack (3.2.17) from /Library/Ruby/Gems/2.0.0/specifications/actionpack-3.2.17.gemspec
I, [2014-03-28T19:07:07.233118 #1022]  INFO -- : 0:  mime-types (1.25.1) from /Library/Ruby/Gems/2.0.0/specifications/mime-types-1.25.1.gemspec
I, [2014-03-28T19:07:07.233337 #1022]  INFO -- : 0:  polyglot (0.3.4) from /Library/Ruby/Gems/2.0.0/specifications/polyglot-0.3.4.gemspec
I, [2014-03-28T19:07:07.233528 #1022]  INFO -- : 0:  treetop (1.4.15) from /Library/Ruby/Gems/2.0.0/specifications/treetop-1.4.15.gemspec
I, [2014-03-28T19:07:07.233729 #1022]  INFO -- : 0:  mail (2.5.4) from /Library/Ruby/Gems/2.0.0/specifications/mail-2.5.4.gemspec
I, [2014-03-28T19:07:07.233923 #1022]  INFO -- : 0:  actionmailer (3.2.17) from /Library/Ruby/Gems/2.0.0/specifications/actionmailer-3.2.17.gemspec
I, [2014-03-28T19:07:07.234115 #1022]  INFO -- : 0:  arel (3.0.3) from /Library/Ruby/Gems/2.0.0/specifications/arel-3.0.3.gemspec
I, [2014-03-28T19:07:07.234308 #1022]  INFO -- : 0:  tzinfo (0.3.39) from /Library/Ruby/Gems/2.0.0/specifications/tzinfo-0.3.39.gemspec
I, [2014-03-28T19:07:07.234499 #1022]  INFO -- : 0:  activerecord (3.2.17) from /Library/Ruby/Gems/2.0.0/specifications/activerecord-3.2.17.gemspec
I, [2014-03-28T19:07:07.234689 #1022]  INFO -- : 0:  activeresource (3.2.17) from /Library/Ruby/Gems/2.0.0/specifications/activeresource-3.2.17.gemspec
I, [2014-03-28T19:07:08.228230 #1022]  INFO -- : 0:  rack-ssl (1.3.4) from /Library/Ruby/Gems/2.0.0/specifications/rack-ssl-1.3.4.gemspec
I, [2014-03-28T19:07:08.228840 #1022]  INFO -- : 0:  json (1.8.1) from /Library/Ruby/Gems/2.0.0/specifications/json-1.8.1.gemspec
I, [2014-03-28T19:07:08.229255 #1022]  INFO -- : 0:  rdoc (3.12.2) from /Library/Ruby/Gems/2.0.0/specifications/rdoc-3.12.2.gemspec
I, [2014-03-28T19:07:09.783706 #1022]  INFO -- : 0:  thor (0.19.1) from /Library/Ruby/Gems/2.0.0/specifications/thor-0.19.1.gemspec
I, [2014-03-28T19:07:09.784246 #1022]  INFO -- : 0:  railties (3.2.17) from /Library/Ruby/Gems/2.0.0/specifications/railties-3.2.17.gemspec
I, [2014-03-28T19:07:09.784620 #1022]  INFO -- : 0:  jquery-rails (3.1.0) from /Library/Ruby/Gems/2.0.0/specifications/jquery-rails-3.1.0.gemspec
I, [2014-03-28T19:07:09.784967 #1022]  INFO -- : 0:  bundler (1.5.1) from /Library/Ruby/Gems/2.0.0/specifications/bundler-1.5.1.gemspec
I, [2014-03-28T19:07:09.785318 #1022]  INFO -- : 0:  rails (3.2.17) from /Library/Ruby/Gems/2.0.0/specifications/rails-3.2.17.gemspec
I, [2014-03-28T19:07:09.785683 #1022]  INFO -- : 0:  best_in_place (2.1.0) from /Library/Ruby/Gems/2.0.0/specifications/best_in_place-2.1.0.gemspec
I, [2014-03-28T19:07:09.786032 #1022]  INFO -- : 0:  timers (1.1.0) from /Library/Ruby/Gems/2.0.0/specifications/timers-1.1.0.gemspec
I, [2014-03-28T19:07:09.786380 #1022]  INFO -- : 0:  celluloid (0.15.2) from /Library/Ruby/Gems/2.0.0/specifications/celluloid-0.15.2.gemspec
E, [2014-03-28T19:07:12.676035 #1022] ERROR -- : Gem::Installer::ExtensionBuildError: ERROR: Failed to build gem native extension.

    /System/Library/Frameworks/Ruby.framework/Versions/2.0/usr/bin/ruby extconf.rb 
checking for rb_thread_blocking_region()... yes
checking for sys/select.h... yes
checking for poll.h... yes
checking for sys/epoll.h... no
checking for sys/event.h... yes
checking for sys/queue.h... yes
checking for port.h... no
checking for sys/resource.h... yes
creating Makefile

make "DESTDIR="
compiling monitor.c
In file included from monitor.c:6:
In file included from ./nio4r.h:10:
/Applications/Xcode.app/Contents/Developer/Platforms/MacOSX.platform/Developer/SDKs/MacOSX10.9.sdk/System/Library/Frameworks/Ruby.framework/Versions/2.0/usr/include/ruby-2.0.0/ruby/backward/rubyio.h:2:2: warning: use "ruby/io.h" instead of "rubyio.h" [-W#warnings]
#warning use "ruby/io.h" instead of "rubyio.h"
 ^
1 warning generated.
compiling nio4r_ext.c
In file included from nio4r_ext.c:6:
In file included from ./nio4r.h:10:
/Applications/Xcode.app/Contents/Developer/Platforms/MacOSX.platform/Developer/SDKs/MacOSX10.9.sdk/System/Library/Frameworks/Ruby.framework/Versions/2.0/usr/include/ruby-2.0.0/ruby/backward/rubyio.h:2:2: warning: use "ruby/io.h" instead of "rubyio.h" [-W#warnings]
#warning use "ruby/io.h" instead of "rubyio.h"
 ^
In file included from nio4r_ext.c:7:
./../libev/ev.c:481:48: warning: '/*' within block comment [-Wcomment]
/*#define MIN_INTERVAL  0.00000095367431640625 /* 1/2**20, good till 2200 */
                                               ^
./../libev/ev.c:1535:31: warning: 'extern' variable has an initializer [-Wextern-initializer]
  EV_API_DECL struct ev_loop *ev_default_loop_ptr = 0; /* needs to be initialised to make it a definition despite extern */
                              ^
In file included from nio4r_ext.c:7:
In file included from ./../libev/ev.c:2400:
./../libev/ev_poll.c:110:18: warning: expression result unused [-Wunused-value]
        assert (("libev: poll() returned illegal result, broken BSD kernel?", p < polls + pollcnt));
                 ^~~~~~~~~~~~~~~~~~~~~~~~~~~~~~~~~~~~~~~~~~~~~~~~~~~~~~~~~~~
/usr/include/assert.h:93:25: note: expanded from macro 'assert'
    (__builtin_expect(!(e), 0) ? __assert_rtn(__func__, __FILE__, __LINE__, #e) : (void)0)
                        ^
In file included from nio4r_ext.c:7:
./../libev/ev.c:2806:12: warning: expression result unused [-Wunused-value]
  assert (("libev: watcher has invalid priority", ABSPRI (w) >= 0 && ABSPRI (w) < NUMPRI));
           ^~~~~~~~~~~~~~~~~~~~~~~~~~~~~~~~~~~~~
/usr/include/assert.h:93:25: note: expanded from macro 'assert'
    (__builtin_expect(!(e), 0) ? __assert_rtn(__func__, __FILE__, __LINE__, #e) : (void)0)
                        ^
In file included from nio4r_ext.c:7:
./../libev/ev.c:2809:14: warning: expression result unused [-Wunused-value]
    assert (("libev: pending watcher not on pending queue", pendings [ABSPRI (w)][w->pending - 1].w == w));
             ^~~~~~~~~~~~~~~~~~~~~~~~~~~~~~~~~~~~~~~~~~~~~
/usr/include/assert.h:93:25: note: expanded from macro 'assert'
    (__builtin_expect(!(e), 0) ? __assert_rtn(__func__, __FILE__, __LINE__, #e) : (void)0)
                        ^
In file included from nio4r_ext.c:7:
./../libev/ev.c:2819:16: warning: expression result unused [-Wunused-value]
      assert (("libev: active index mismatch in heap", ev_active (ANHE_w (heap [i])) == i));
               ^~~~~~~~~~~~~~~~~~~~~~~~~~~~~~~~~~~~~~
/usr/include/assert.h:93:25: note: expanded from macro 'assert'
    (__builtin_expect(!(e), 0) ? __assert_rtn(__func__, __FILE__, __LINE__, #e) : (void)0)
                        ^
In file included from nio4r_ext.c:7:
./../libev/ev.c:2820:16: warning: expression result unused [-Wunused-value]
      assert (("libev: heap condition violated", i == HEAP0 || ANHE_at (heap [HPARENT (i)]) <= ANHE_at (heap [i])));
               ^~~~~~~~~~~~~~~~~~~~~~~~~~~~~~~~
/usr/include/assert.h:93:25: note: expanded from macro 'assert'
    (__builtin_expect(!(e), 0) ? __assert_rtn(__func__, __FILE__, __LINE__, #e) : (void)0)
                        ^
In file included from nio4r_ext.c:7:
./../libev/ev.c:2821:16: warning: expression result unused [-Wunused-value]
      assert (("libev: heap at cache mismatch", ANHE_at (heap [i]) == ev_at (ANHE_w (heap [i]))));
               ^~~~~~~~~~~~~~~~~~~~~~~~~~~~~~~
/usr/include/assert.h:93:25: note: expanded from macro 'assert'
    (__builtin_expect(!(e), 0) ? __assert_rtn(__func__, __FILE__, __LINE__, #e) : (void)0)
                        ^
In file included from nio4r_ext.c:7:
./../libev/ev.c:2832:16: warning: expression result unused [-Wunused-value]
      assert (("libev: active index mismatch", ev_active (ws [cnt]) == cnt + 1));
               ^~~~~~~~~~~~~~~~~~~~~~~~~~~~~~
/usr/include/assert.h:93:25: note: expanded from macro 'assert'
    (__builtin_expect(!(e), 0) ? __assert_rtn(__func__, __FILE__, __LINE__, #e) : (void)0)
                        ^
In file included from nio4r_ext.c:7:
./../libev/ev.c:2850:14: warning: expression result unused [-Wunused-value]
    assert (("libev: negative fd in fdchanges", fdchanges [i] >= 0));
             ^~~~~~~~~~~~~~~~~~~~~~~~~~~~~~~~~
/usr/include/assert.h:93:25: note: expanded from macro 'assert'
    (__builtin_expect(!(e), 0) ? __assert_rtn(__func__, __FILE__, __LINE__, #e) : (void)0)
                        ^
In file included from nio4r_ext.c:7:
./../libev/ev.c:2863:24: warning: expression result unused [-Wunused-value]
              assert (("libev: io watcher list contains a loop", w != w2));
                       ^~~~~~~~~~~~~~~~~~~~~~~~~~~~~~~~~~~~~~~~
/usr/include/assert.h:93:25: note: expanded from macro 'assert'
    (__builtin_expect(!(e), 0) ? __assert_rtn(__func__, __FILE__, __LINE__, #e) : (void)0)
                        ^
In file included from nio4r_ext.c:7:
./../libev/ev.c:2867:20: warning: expression result unused [-Wunused-value]
          assert (("libev: inactive fd watcher on anfd list", ev_active (w) == 1));
                   ^~~~~~~~~~~~~~~~~~~~~~~~~~~~~~~~~~~~~~~~~
/usr/include/assert.h:93:25: note: expanded from macro 'assert'
    (__builtin_expect(!(e), 0) ? __assert_rtn(__func__, __FILE__, __LINE__, #e) : (void)0)
                        ^
In file included from nio4r_ext.c:7:
./../libev/ev.c:2868:20: warning: expression result unused [-Wunused-value]
          assert (("libev: fd mismatch between watcher and anfd", ((ev_io *)w)->fd == i));
                   ^~~~~~~~~~~~~~~~~~~~~~~~~~~~~~~~~~~~~~~~~~~~~
/usr/include/assert.h:93:25: note: expanded from macro 'assert'
    (__builtin_expect(!(e), 0) ? __assert_rtn(__func__, __FILE__, __LINE__, #e) : (void)0)
                        ^
In file included from nio4r_ext.c:7:
./../libev/ev.c:3050:24: warning: expression result unused [-Wunused-value]
              assert (("libev: negative ev_timer repeat value found while processing timers", w->repeat > 0.));
                       ^~~~~~~~~~~~~~~~~~~~~~~~~~~~~~~~~~~~~~~~~~~~~~~~~~~~~~~~~~~~~~~~~~~~~
/usr/include/assert.h:93:25: note: expanded from macro 'assert'
    (__builtin_expect(!(e), 0) ? __assert_rtn(__func__, __FILE__, __LINE__, #e) : (void)0)
                        ^
In file included from nio4r_ext.c:7:
./../libev/ev.c:3112:24: warning: expression result unused [-Wunused-value]
              assert (("libev: ev_periodic reschedule callback returned time in the past", ev_at (w) >= ev_rt_now));
                       ^~~~~~~~~~~~~~~~~~~~~~~~~~~~~~~~~~~~~~~~~~~~~~~~~~~~~~~~~~~~~~~~~~
/usr/include/assert.h:93:25: note: expanded from macro 'assert'
    (__builtin_expect(!(e), 0) ? __assert_rtn(__func__, __FILE__, __LINE__, #e) : (void)0)
                        ^
In file included from nio4r_ext.c:7:
./../libev/ev.c:3257:1: warning: control reaches end of non-void function [-Wreturn-type]
}
^
./../libev/ev.c:3274:12: warning: expression result unused [-Wunused-value]
  assert (("libev: ev_loop recursion during release detected", loop_done != EVBREAK_RECURSE));
           ^~~~~~~~~~~~~~~~~~~~~~~~~~~~~~~~~~~~~~~~~~~~~~~~~~
/usr/include/assert.h:93:25: note: expanded from macro 'assert'
    (__builtin_expect(!(e), 0) ? __assert_rtn(__func__, __FILE__, __LINE__, #e) : (void)0)
                        ^
In file included from nio4r_ext.c:7:
./../libev/ev.c:3446:22: warning: expression result unused [-Wunused-value]
            assert (("libev: pipe_w not active, but pipe not written", ev_is_active (&pipe_w)));
                     ^~~~~~~~~~~~~~~~~~~~~~~~~~~~~~~~~~~~~~~~~~~~~~~~
/usr/include/assert.h:93:25: note: expanded from macro 'assert'
    (__builtin_expect(!(e), 0) ? __assert_rtn(__func__, __FILE__, __LINE__, #e) : (void)0)
                        ^
In file included from nio4r_ext.c:7:
./../libev/ev.c:3620:12: warning: expression result unused [-Wunused-value]
  assert (("libev: ev_io_start called with negative fd", fd >= 0));
           ^~~~~~~~~~~~~~~~~~~~~~~~~~~~~~~~~~~~~~~~~~~~
/usr/include/assert.h:93:25: note: expanded from macro 'assert'
    (__builtin_expect(!(e), 0) ? __assert_rtn(__func__, __FILE__, __LINE__, #e) : (void)0)
                        ^
In file included from nio4r_ext.c:7:
./../libev/ev.c:3621:12: warning: expression result unused [-Wunused-value]
  assert (("libev: ev_io_start called with illegal event mask", !(w->events & ~(EV__IOFDSET | EV_READ | EV_WRITE))));
           ^~~~~~~~~~~~~~~~~~~~~~~~~~~~~~~~~~~~~~~~~~~~~~~~~~~
/usr/include/assert.h:93:25: note: expanded from macro 'assert'
    (__builtin_expect(!(e), 0) ? __assert_rtn(__func__, __FILE__, __LINE__, #e) : (void)0)
                        ^
In file included from nio4r_ext.c:7:
./../libev/ev.c:3630:12: warning: expression result unused [-Wunused-value]
  assert (("libev: ev_io_start called with corrupted watcher", ((WL)w)->next != (WL)w));
           ^~~~~~~~~~~~~~~~~~~~~~~~~~~~~~~~~~~~~~~~~~~~~~~~~~
/usr/include/assert.h:93:25: note: expanded from macro 'assert'
    (__builtin_expect(!(e), 0) ? __assert_rtn(__func__, __FILE__, __LINE__, #e) : (void)0)
                        ^
In file included from nio4r_ext.c:7:
./../libev/ev.c:3632:34: warning: '&' within '|' [-Wbitwise-op-parentheses]
  fd_change (EV_A_ fd, w->events & EV__IOFDSET | EV_ANFD_REIFY);
                       ~~~~~~~~~~^~~~~~~~~~~~~ ~
./../libev/ev.c:3632:34: note: place parentheses around the '&' expression to silence this warning
  fd_change (EV_A_ fd, w->events & EV__IOFDSET | EV_ANFD_REIFY);
                                 ^
                       (                      )
./../libev/ev.c:3645:12: warning: expression result unused [-Wunused-value]
  assert (("libev: ev_io_stop called with illegal fd (must stay constant after start!)", w->fd >= 0 && w->fd < anfdmax));
           ^~~~~~~~~~~~~~~~~~~~~~~~~~~~~~~~~~~~~~~~~~~~~~~~~~~~~~~~~~~~~~~~~~~~~~~~~~~~
/usr/include/assert.h:93:25: note: expanded from macro 'assert'
    (__builtin_expect(!(e), 0) ? __assert_rtn(__func__, __FILE__, __LINE__, #e) : (void)0)
                        ^
In file included from nio4r_ext.c:7:
./../libev/ev.c:3665:12: warning: expression result unused [-Wunused-value]
  assert (("libev: ev_timer_start called with negative timer repeat value", w->repeat >= 0.));
           ^~~~~~~~~~~~~~~~~~~~~~~~~~~~~~~~~~~~~~~~~~~~~~~~~~~~~~~~~~~~~~~
/usr/include/assert.h:93:25: note: expanded from macro 'assert'
    (__builtin_expect(!(e), 0) ? __assert_rtn(__func__, __FILE__, __LINE__, #e) : (void)0)
                        ^
In file included from nio4r_ext.c:7:
./../libev/ev.c:3693:14: warning: expression result unused [-Wunused-value]
    assert (("libev: internal timer heap corruption", ANHE_w (timers [active]) == (WT)w));
             ^~~~~~~~~~~~~~~~~~~~~~~~~~~~~~~~~~~~~~~
/usr/include/assert.h:93:25: note: expanded from macro 'assert'
    (__builtin_expect(!(e), 0) ? __assert_rtn(__func__, __FILE__, __LINE__, #e) : (void)0)
                        ^
In file included from nio4r_ext.c:7:
./../libev/ev.c:3755:16: warning: expression result unused [-Wunused-value]
      assert (("libev: ev_periodic_start called with negative interval value", w->interval >= 0.));
               ^~~~~~~~~~~~~~~~~~~~~~~~~~~~~~~~~~~~~~~~~~~~~~~~~~~~~~~~~~~~~~
/usr/include/assert.h:93:25: note: expanded from macro 'assert'
    (__builtin_expect(!(e), 0) ? __assert_rtn(__func__, __FILE__, __LINE__, #e) : (void)0)
                        ^
In file included from nio4r_ext.c:7:
./../libev/ev.c:3787:14: warning: expression result unused [-Wunused-value]
    assert (("libev: internal periodic heap corruption", ANHE_w (periodics [active]) == (WT)w));
             ^~~~~~~~~~~~~~~~~~~~~~~~~~~~~~~~~~~~~~~~~~
/usr/include/assert.h:93:25: note: expanded from macro 'assert'
    (__builtin_expect(!(e), 0) ? __assert_rtn(__func__, __FILE__, __LINE__, #e) : (void)0)
                        ^
In file included from nio4r_ext.c:7:
./../libev/ev.c:3824:12: warning: expression result unused [-Wunused-value]
  assert (("libev: ev_signal_start called with illegal signal number", w->signum > 0 && w->signum < EV_NSIG));
           ^~~~~~~~~~~~~~~~~~~~~~~~~~~~~~~~~~~~~~~~~~~~~~~~~~~~~~~~~~
/usr/include/assert.h:93:25: note: expanded from macro 'assert'
    (__builtin_expect(!(e), 0) ? __assert_rtn(__func__, __FILE__, __LINE__, #e) : (void)0)
                        ^
In file included from nio4r_ext.c:7:
./../libev/ev.c:3827:12: warning: expression result unused [-Wunused-value]
  assert (("libev: a signal must not be attached to two different loops",
           ^~~~~~~~~~~~~~~~~~~~~~~~~~~~~~~~~~~~~~~~~~~~~~~~~~~~~~~~~~~~~
/usr/include/assert.h:93:25: note: expanded from macro 'assert'
    (__builtin_expect(!(e), 0) ? __assert_rtn(__func__, __FILE__, __LINE__, #e) : (void)0)
                        ^
In file included from nio4r_ext.c:7:
./../libev/ev.c:3945:12: warning: expression result unused [-Wunused-value]
  assert (("libev: child watchers are only supported in the default loop", loop == ev_default_loop_ptr));
           ^~~~~~~~~~~~~~~~~~~~~~~~~~~~~~~~~~~~~~~~~~~~~~~~~~~~~~~~~~~~~~
/usr/include/assert.h:93:25: note: expanded from macro 'assert'
    (__builtin_expect(!(e), 0) ? __assert_rtn(__func__, __FILE__, __LINE__, #e) : (void)0)
                        ^
In file included from nio4r_ext.c:7:
./../libev/ev.c:4524:14: warning: expression result unused [-Wunused-value]
    assert (("libev: loop to be embedded is not embeddable", backend & ev_embeddable_backends ()));
             ^~~~~~~~~~~~~~~~~~~~~~~~~~~~~~~~~~~~~~~~~~~~~~
/usr/include/assert.h:93:25: note: expanded from macro 'assert'
    (__builtin_expect(!(e), 0) ? __assert_rtn(__func__, __FILE__, __LINE__, #e) : (void)0)
                        ^
32 warnings generated.
compiling selector.c
In file included from selector.c:6:
In file included from ./nio4r.h:10:
/Applications/Xcode.app/Contents/Developer/Platforms/MacOSX.platform/Developer/SDKs/MacOSX10.9.sdk/System/Library/Frameworks/Ruby.framework/Versions/2.0/usr/include/ruby-2.0.0/ruby/backward/rubyio.h:2:2: warning: use "ruby/io.h" instead of "rubyio.h" [-W#warnings]
#warning use "ruby/io.h" instead of "rubyio.h"
 ^
In file included from selector.c:7:
/Applications/Xcode.app/Contents/Developer/Platforms/MacOSX.platform/Developer/SDKs/MacOSX10.9.sdk/System/Library/Frameworks/Ruby.framework/Versions/2.0/usr/include/ruby-2.0.0/ruby/backward/rubysig.h:14:2: warning: rubysig.h is obsolete [-W#warnings]
#warning rubysig.h is obsolete
 ^
selector.c:391:43: warning: incompatible pointer types passing 'VALUE (VALUE)' to parameter of type 'VALUE (*)(VALUE *)' [-Wincompatible-pointer-types]
    return NIO_Selector_synchronize(self, NIO_Selector_close_synchronized, self);
                                          ^~~~~~~~~~~~~~~~~~~~~~~~~~~~~~~
selector.c:157:59: note: passing argument to parameter 'func' here
static VALUE NIO_Selector_synchronize(VALUE self, VALUE (*func)(VALUE *args), VALUE *args)
                                                          ^
selector.c:391:76: warning: incompatible integer to pointer conversion passing 'VALUE' (aka 'unsigned long') to parameter of type 'VALUE *' (aka 'unsigned long *'); take the address with & [-Wint-conversion]
    return NIO_Selector_synchronize(self, NIO_Selector_close_synchronized, self);
                                                                           ^~~~
                                                                           &
selector.c:157:86: note: passing argument to parameter 'args' here
static VALUE NIO_Selector_synchronize(VALUE self, VALUE (*func)(VALUE *args), VALUE *args)
                                                                                     ^
selector.c:407:43: warning: incompatible pointer types passing 'VALUE (VALUE)' to parameter of type 'VALUE (*)(VALUE *)' [-Wincompatible-pointer-types]
    return NIO_Selector_synchronize(self, NIO_Selector_closed_synchronized, self);
                                          ^~~~~~~~~~~~~~~~~~~~~~~~~~~~~~~~
selector.c:157:59: note: passing argument to parameter 'func' here
static VALUE NIO_Selector_synchronize(VALUE self, VALUE (*func)(VALUE *args), VALUE *args)
                                                          ^
selector.c:407:77: warning: incompatible integer to pointer conversion passing 'VALUE' (aka 'unsigned long') to parameter of type 'VALUE *' (aka 'unsigned long *'); take the address with & [-Wint-conversion]
    return NIO_Selector_synchronize(self, NIO_Selector_closed_synchronized, self);
                                                                            ^~~~
                                                                            &
selector.c:157:86: note: passing argument to parameter 'args' here
static VALUE NIO_Selector_synchronize(VALUE self, VALUE (*func)(VALUE *args), VALUE *args)
                                                                                     ^
6 warnings generated.
linking shared-object nio4r_ext.bundle
clang: error: unknown argument: '-multiply_definedsuppress' [-Wunused-command-line-argument-hard-error-in-future]
clang: note: this will be a hard error (cannot be downgraded to a warning) in the future
make: *** [nio4r_ext.bundle] Error 1


Gem files will remain installed in /Library/Ruby/Gems/2.0.0/gems/nio4r-1.0.0 for inspection.
Results logged to /Library/Ruby/Gems/2.0.0/gems/nio4r-1.0.0/ext/nio4r/gem_make.out

/System/Library/Frameworks/Ruby.framework/Versions/2.0/usr/lib/ruby/2.0.0/rubygems/ext/builder.rb:60:in `run'  \n/System/Library/Frameworks/Ruby.framework/Versions/2.0/usr/lib/ruby/2.0.0/rubygems/ext/builder.rb:33:in `block in make'  \n/System/Library/Frameworks/Ruby.framework/Versions/2.0/usr/lib/ruby/2.0.0/rubygems/ext/builder.rb:26:in `each'  \n/System/Library/Frameworks/Ruby.framework/Versions/2.0/usr/lib/ruby/2.0.0/rubygems/ext/builder.rb:26:in `make'  \n/System/Library/Frameworks/Ruby.framework/Versions/2.0/usr/lib/ruby/2.0.0/rubygems/ext/ext_conf_builder.rb:41:in `block in build'  \n/System/Library/Frameworks/Ruby.framework/Versions/2.0/usr/lib/ruby/2.0.0/tempfile.rb:324:in `open'  \n/System/Library/Frameworks/Ruby.framework/Versions/2.0/usr/lib/ruby/2.0.0/rubygems/ext/ext_conf_builder.rb:18:in `build'  \n/System/Library/Frameworks/Ruby.framework/Versions/2.0/usr/lib/ruby/2.0.0/rubygems/installer.rb:678:in `block (2 levels) in build_extensions'  \n/System/Library/Frameworks/Ruby.framework/Versions/2.0/usr/lib/ruby/2.0.0/rubygems/installer.rb:677:in `chdir'  \n/System/Library/Frameworks/Ruby.framework/Versions/2.0/usr/lib/ruby/2.0.0/rubygems/installer.rb:677:in `block in build_extensions'  \n/System/Library/Frameworks/Ruby.framework/Versions/2.0/usr/lib/ruby/2.0.0/rubygems/installer.rb:652:in `each'  \n/System/Library/Frameworks/Ruby.framework/Versions/2.0/usr/lib/ruby/2.0.0/rubygems/installer.rb:652:in `build_extensions'  \n/System/Library/Frameworks/Ruby.framework/Versions/2.0/usr/lib/ruby/2.0.0/rubygems/installer.rb:218:in `install'  \n/Library/Ruby/Gems/2.0.0/gems/bundler-1.5.1/lib/bundler/source/rubygems.rb:101:in `block in install'  \n/Library/Ruby/Gems/2.0.0/gems/bundler-1.5.1/lib/bundler/rubygems_integration.rb:118:in `preserve_paths'  \n/Library/Ruby/Gems/2.0.0/gems/bundler-1.5.1/lib/bundler/source/rubygems.rb:94:in `install'  \n/Library/Ruby/Gems/2.0.0/gems/bundler-1.5.1/lib/bundler/installer.rb:111:in `block in install_gem_from_spec'  \n/Library/Ruby/Gems/2.0.0/gems/bundler-1.5.1/lib/bundler/rubygems_integration.rb:150:in `with_build_args'  \n/Library/Ruby/Gems/2.0.0/gems/bundler-1.5.1/lib/bundler/installer.rb:110:in `install_gem_from_spec'  \n/Library/Ruby/Gems/2.0.0/gems/bundler-1.5.1/lib/bundler/installer.rb:295:in `block in install_sequentially'  \n/System/Library/Frameworks/Ruby.framework/Versions/2.0/usr/lib/ruby/2.0.0/forwardable.rb:171:in `each'  \n/System/Library/Frameworks/Ruby.framework/Versions/2.0/usr/lib/ruby/2.0.0/forwardable.rb:171:in `each'  \n/Library/Ruby/Gems/2.0.0/gems/bundler-1.5.1/lib/bundler/installer.rb:294:in `install_sequentially'  \n/Library/Ruby/Gems/2.0.0/gems/bundler-1.5.1/lib/bundler/installer.rb:97:in `run'  \n/Library/Ruby/Gems/2.0.0/gems/bundler-1.5.1/lib/bundler/installer.rb:15:in `install'  \n/Library/Ruby/Gems/2.0.0/gems/bundler-1.5.1/lib/bundler/cli.rb:336:in `update'  \n/Library/Ruby/Gems/2.0.0/gems/bundler-1.5.1/lib/bundler/vendor/thor/command.rb:27:in `run'  \n/Library/Ruby/Gems/2.0.0/gems/bundler-1.5.1/lib/bundler/vendor/thor/invocation.rb:120:in `invoke_command'  \n/Library/Ruby/Gems/2.0.0/gems/bundler-1.5.1/lib/bundler/vendor/thor.rb:363:in `dispatch'  \n/Library/Ruby/Gems/2.0.0/gems/bundler-1.5.1/lib/bundler/vendor/thor/base.rb:438:in `start'  \n/Library/Ruby/Gems/2.0.0/gems/bundler-1.5.1/lib/bundler/cli.rb:10:in `start'  \n/Library/Ruby/Gems/2.0.0/gems/bundler-1.5.1/bin/bundle:22:in `block in <top (required)>'  \n/Library/Ruby/Gems/2.0.0/gems/bundler-1.5.1/lib/bundler/friendly_errors.rb:5:in `with_friendly_errors'  \n/Library/Ruby/Gems/2.0.0/gems/bundler-1.5.1/bin/bundle:22:in `<top (required)>'  \n/usr/bin/bundle:23:in `load'  \n/usr/bin/bundle:23:in `<main>'
I, [2014-03-28T19:07:24.632668 #1084]  INFO -- : 0:  rake (10.1.1) from /Library/Ruby/Gems/2.0.0/specifications/rake-10.1.1.gemspec
I, [2014-03-28T19:07:24.633049 #1084]  INFO -- : 0:  i18n (0.6.9) from /Library/Ruby/Gems/2.0.0/specifications/i18n-0.6.9.gemspec
I, [2014-03-28T19:07:24.633328 #1084]  INFO -- : 0:  multi_json (1.9.0) from /Library/Ruby/Gems/2.0.0/specifications/multi_json-1.9.0.gemspec
I, [2014-03-28T19:07:24.633593 #1084]  INFO -- : 0:  activesupport (3.2.17) from /Library/Ruby/Gems/2.0.0/specifications/activesupport-3.2.17.gemspec
I, [2014-03-28T19:07:24.633862 #1084]  INFO -- : 0:  builder (3.0.4) from /Library/Ruby/Gems/2.0.0/specifications/builder-3.0.4.gemspec
I, [2014-03-28T19:07:24.634131 #1084]  INFO -- : 0:  activemodel (3.2.17) from /Library/Ruby/Gems/2.0.0/specifications/activemodel-3.2.17.gemspec
I, [2014-03-28T19:07:24.634393 #1084]  INFO -- : 0:  erubis (2.7.0) from /Library/Ruby/Gems/2.0.0/specifications/erubis-2.7.0.gemspec
I, [2014-03-28T19:07:24.640614 #1084]  INFO -- : 0:  journey (1.0.4) from /Library/Ruby/Gems/2.0.0/specifications/journey-1.0.4.gemspec
I, [2014-03-28T19:07:24.640949 #1084]  INFO -- : 0:  rack (1.4.5) from /Library/Ruby/Gems/2.0.0/specifications/rack-1.4.5.gemspec
I, [2014-03-28T19:07:24.641213 #1084]  INFO -- : 0:  rack-cache (1.2) from /Library/Ruby/Gems/2.0.0/specifications/rack-cache-1.2.gemspec
I, [2014-03-28T19:07:24.641467 #1084]  INFO -- : 0:  rack-test (0.6.2) from /Library/Ruby/Gems/2.0.0/specifications/rack-test-0.6.2.gemspec
I, [2014-03-28T19:07:24.641727 #1084]  INFO -- : 0:  hike (1.2.3) from /Library/Ruby/Gems/2.0.0/specifications/hike-1.2.3.gemspec
I, [2014-03-28T19:07:24.641971 #1084]  INFO -- : 0:  tilt (1.4.1) from /Library/Ruby/Gems/2.0.0/specifications/tilt-1.4.1.gemspec
I, [2014-03-28T19:07:24.642214 #1084]  INFO -- : 0:  sprockets (2.2.2) from /Library/Ruby/Gems/2.0.0/specifications/sprockets-2.2.2.gemspec
I, [2014-03-28T19:07:24.642453 #1084]  INFO -- : 0:  actionpack (3.2.17) from /Library/Ruby/Gems/2.0.0/specifications/actionpack-3.2.17.gemspec
I, [2014-03-28T19:07:24.642714 #1084]  INFO -- : 0:  mime-types (1.25.1) from /Library/Ruby/Gems/2.0.0/specifications/mime-types-1.25.1.gemspec
I, [2014-03-28T19:07:24.642957 #1084]  INFO -- : 0:  polyglot (0.3.4) from /Library/Ruby/Gems/2.0.0/specifications/polyglot-0.3.4.gemspec
I, [2014-03-28T19:07:24.643182 #1084]  INFO -- : 0:  treetop (1.4.15) from /Library/Ruby/Gems/2.0.0/specifications/treetop-1.4.15.gemspec
I, [2014-03-28T19:07:24.643410 #1084]  INFO -- : 0:  mail (2.5.4) from /Library/Ruby/Gems/2.0.0/specifications/mail-2.5.4.gemspec
I, [2014-03-28T19:07:24.643638 #1084]  INFO -- : 0:  actionmailer (3.2.17) from /Library/Ruby/Gems/2.0.0/specifications/actionmailer-3.2.17.gemspec
I, [2014-03-28T19:07:24.643859 #1084]  INFO -- : 0:  arel (3.0.3) from /Library/Ruby/Gems/2.0.0/specifications/arel-3.0.3.gemspec
I, [2014-03-28T19:07:24.644090 #1084]  INFO -- : 0:  tzinfo (0.3.39) from /Library/Ruby/Gems/2.0.0/specifications/tzinfo-0.3.39.gemspec
I, [2014-03-28T19:07:24.644307 #1084]  INFO -- : 0:  activerecord (3.2.17) from /Library/Ruby/Gems/2.0.0/specifications/activerecord-3.2.17.gemspec
I, [2014-03-28T19:07:24.644533 #1084]  INFO -- : 0:  activeresource (3.2.17) from /Library/Ruby/Gems/2.0.0/specifications/activeresource-3.2.17.gemspec
I, [2014-03-28T19:07:24.644759 #1084]  INFO -- : 0:  rack-ssl (1.3.3) from /Library/Ruby/Gems/2.0.0/specifications/rack-ssl-1.3.3.gemspec
I, [2014-03-28T19:07:24.644982 #1084]  INFO -- : 0:  json (1.8.1) from /Library/Ruby/Gems/2.0.0/specifications/json-1.8.1.gemspec
I, [2014-03-28T19:07:24.645208 #1084]  INFO -- : 0:  rdoc (3.12.2) from /Library/Ruby/Gems/2.0.0/specifications/rdoc-3.12.2.gemspec
I, [2014-03-28T19:07:24.645431 #1084]  INFO -- : 0:  thor (0.18.1) from /Library/Ruby/Gems/2.0.0/specifications/thor-0.18.1.gemspec
I, [2014-03-28T19:07:24.645671 #1084]  INFO -- : 0:  railties (3.2.17) from /Library/Ruby/Gems/2.0.0/specifications/railties-3.2.17.gemspec
I, [2014-03-28T19:07:24.645896 #1084]  INFO -- : 0:  jquery-rails (3.1.0) from /Library/Ruby/Gems/2.0.0/specifications/jquery-rails-3.1.0.gemspec
I, [2014-03-28T19:07:24.646105 #1084]  INFO -- : 0:  bundler (1.5.1) from /Library/Ruby/Gems/2.0.0/specifications/bundler-1.5.1.gemspec
I, [2014-03-28T19:07:24.646333 #1084]  INFO -- : 0:  rails (3.2.17) from /Library/Ruby/Gems/2.0.0/specifications/rails-3.2.17.gemspec
I, [2014-03-28T19:07:24.646560 #1084]  INFO -- : 0:  best_in_place (2.1.0) from /Library/Ruby/Gems/2.0.0/specifications/best_in_place-2.1.0.gemspec
I, [2014-03-28T19:07:24.646786 #1084]  INFO -- : 0:  timers (1.1.0) from /Library/Ruby/Gems/2.0.0/specifications/timers-1.1.0.gemspec
I, [2014-03-28T19:07:24.655657 #1084]  INFO -- : 0:  celluloid (0.15.2) from /Library/Ruby/Gems/2.0.0/specifications/celluloid-0.15.2.gemspec
I, [2014-03-28T19:07:24.656005 #1084]  INFO -- : 0:  coderay (1.1.0) from /Library/Ruby/Gems/2.0.0/specifications/coderay-1.1.0.gemspec
I, [2014-03-28T19:07:24.656265 #1084]  INFO -- : 0:  coffee-script-source (1.7.0) from /Library/Ruby/Gems/2.0.0/specifications/coffee-script-source-1.7.0.gemspec
I, [2014-03-28T19:07:24.656505 #1084]  INFO -- : 0:  execjs (2.0.2) from /Library/Ruby/Gems/2.0.0/specifications/execjs-2.0.2.gemspec
I, [2014-03-28T19:07:24.656742 #1084]  INFO -- : 0:  coffee-script (2.2.0) from /Library/Ruby/Gems/2.0.0/specifications/coffee-script-2.2.0.gemspec
I, [2014-03-28T19:07:24.656971 #1084]  INFO -- : 0:  coffee-rails (3.2.2) from /Library/Ruby/Gems/2.0.0/specifications/coffee-rails-3.2.2.gemspec
I, [2014-03-28T19:07:24.657186 #1084]  INFO -- : 0:  diff-lcs (1.2.5) from /Library/Ruby/Gems/2.0.0/specifications/diff-lcs-1.2.5.gemspec
I, [2014-03-28T19:07:24.657397 #1084]  INFO -- : 0:  ffi (1.9.3) from /Library/Ruby/Gems/2.0.0/specifications/ffi-1.9.3.gemspec
I, [2014-03-28T19:07:24.657609 #1084]  INFO -- : 0:  formatador (0.2.4) from /Library/Ruby/Gems/2.0.0/specifications/formatador-0.2.4.gemspec
I, [2014-03-28T19:07:24.657822 #1084]  INFO -- : 0:  rb-fsevent (0.9.4) from /Library/Ruby/Gems/2.0.0/specifications/rb-fsevent-0.9.4.gemspec
I, [2014-03-28T19:07:24.658053 #1084]  INFO -- : 0:  rb-inotify (0.9.3) from /Library/Ruby/Gems/2.0.0/specifications/rb-inotify-0.9.3.gemspec
I, [2014-03-28T19:07:24.658262 #1084]  INFO -- : 0:  listen (2.4.0) from /Library/Ruby/Gems/2.0.0/specifications/listen-2.4.0.gemspec
I, [2014-03-28T19:07:24.658470 #1084]  INFO -- : 0:  lumberjack (1.0.4) from /Library/Ruby/Gems/2.0.0/specifications/lumberjack-1.0.4.gemspec
I, [2014-03-28T19:07:24.658682 #1084]  INFO -- : 0:  method_source (0.8.2) from /Library/Ruby/Gems/2.0.0/specifications/method_source-0.8.2.gemspec
I, [2014-03-28T19:07:24.658888 #1084]  INFO -- : 0:  slop (3.4.7) from /Library/Ruby/Gems/2.0.0/specifications/slop-3.4.7.gemspec
I, [2014-03-28T19:07:24.659095 #1084]  INFO -- : 0:  pry (0.9.12.4) from /Library/Ruby/Gems/2.0.0/specifications/pry-0.9.12.4.gemspec
I, [2014-03-28T19:07:24.659297 #1084]  INFO -- : 0:  guard (2.3.0) from /Library/Ruby/Gems/2.0.0/specifications/guard-2.3.0.gemspec
I, [2014-03-28T19:07:24.659502 #1084]  INFO -- : 0:  guard-rails (0.4.7) from /Library/Ruby/Gems/2.0.0/specifications/guard-rails-0.4.7.gemspec
I, [2014-03-28T19:07:24.659706 #1084]  INFO -- : 0:  rspec-core (2.14.7) from /Library/Ruby/Gems/2.0.0/specifications/rspec-core-2.14.7.gemspec
I, [2014-03-28T19:07:24.659912 #1084]  INFO -- : 0:  rspec-expectations (2.14.4) from /Library/Ruby/Gems/2.0.0/specifications/rspec-expectations-2.14.4.gemspec
I, [2014-03-28T19:07:24.660117 #1084]  INFO -- : 0:  rspec-mocks (2.14.4) from /Library/Ruby/Gems/2.0.0/specifications/rspec-mocks-2.14.4.gemspec
I, [2014-03-28T19:07:24.660320 #1084]  INFO -- : 0:  rspec (2.14.1) from /Library/Ruby/Gems/2.0.0/specifications/rspec-2.14.1.gemspec
I, [2014-03-28T19:07:24.660522 #1084]  INFO -- : 0:  guard-rspec (4.2.4) from /Library/Ruby/Gems/2.0.0/specifications/guard-rspec-4.2.4.gemspec
I, [2014-03-28T19:07:24.660722 #1084]  INFO -- : 0:  hirb (0.7.1) from /Library/Ruby/Gems/2.0.0/specifications/hirb-0.7.1.gemspec
I, [2014-03-28T19:07:24.660925 #1084]  INFO -- : 0:  jquery-ui-rails (4.2.0) from /Library/Ruby/Gems/2.0.0/specifications/jquery-ui-rails-4.2.0.gemspec
I, [2014-03-28T19:07:24.661125 #1084]  INFO -- : 0:  rspec-rails (2.14.1) from /Library/Ruby/Gems/2.0.0/specifications/rspec-rails-2.14.1.gemspec
I, [2014-03-28T19:07:24.661332 #1084]  INFO -- : 0:  sqlite3 (1.3.9) from /Library/Ruby/Gems/2.0.0/specifications/sqlite3-1.3.9.gemspec
